Stopping PM2
Starting PM2
PM2 restart complete at Wed Jun 14 06:00:01 UTC 2023
Stopping PM2
Starting PM2
PM2 restart complete at Wed Jun 14 09:00:01 UTC 2023
Stopping PM2
Starting PM2
PM2 restart complete at Wed Jun 14 12:00:01 UTC 2023
Stopping PM2
Starting PM2
PM2 restart complete at Wed Jun 14 15:00:01 UTC 2023
Stopping PM2
Starting PM2
PM2 restart complete at Wed Jun 14 18:00:01 UTC 2023
Stopping PM2
Starting PM2
PM2 restart complete at Wed Jun 14 21:00:01 UTC 2023
Stopping PM2
Starting PM2
PM2 restart complete at Thu Jun 15 00:00:01 UTC 2023
Stopping PM2
Starting PM2
PM2 restart complete at Thu Jun 15 03:00:01 UTC 2023
Stopping PM2
Starting PM2
PM2 restart complete at Thu Jun 15 06:00:01 UTC 2023
Stopping PM2
Starting PM2
PM2 restart complete at Thu Jun 15 09:00:01 UTC 2023
Stopping PM2
Starting PM2
PM2 restart complete at Thu Jun 15 12:00:01 UTC 2023
Stopping PM2
Starting PM2
PM2 restart complete at Thu Jun 15 15:00:02 UTC 2023
Stopping PM2
Starting PM2
PM2 restart complete at Thu Jun 15 18:00:01 UTC 2023
Stopping PM2
Starting PM2
PM2 restart complete at Thu Jun 15 21:00:01 UTC 2023
Stopping PM2
Starting PM2
PM2 restart complete at Fri Jun 16 00:00:01 UTC 2023
Stopping PM2
Starting PM2
PM2 restart complete at Fri Jun 16 03:00:01 UTC 2023
Stopping PM2
Starting PM2
PM2 restart complete at Fri Jun 16 06:00:01 UTC 2023
Stopping PM2
Starting PM2
PM2 restart complete at Fri Jun 16 09:00:01 UTC 2023
Stopping PM2
Starting PM2
PM2 restart complete at Fri Jun 16 12:00:01 UTC 2023
Stopping PM2
Starting PM2
PM2 restart complete at Fri Jun 16 15:00:01 UTC 2023
Stopping PM2
Starting PM2
PM2 restart complete at Fri Jun 16 18:00:01 UTC 2023
Stopping PM2
Starting PM2
PM2 restart complete at Fri Jun 16 21:00:01 UTC 2023
Stopping PM2
Starting PM2
PM2 restart complete at Sat Jun 17 00:00:01 UTC 2023
Stopping PM2
Stopping PM2
Stopping PM2
Starting PM2
Starting PM2
Starting PM2
PM2 restart complete at Sat Jun 17 02:30:01 UTC 2023
PM2 restart complete at Sat Jun 17 02:30:01 UTC 2023
PM2 restart complete at Sat Jun 17 02:30:01 UTC 2023
Stopping PM2
Stopping PM2
Starting PM2
Starting PM2
PM2 restart complete at Sat Jun 17 03:00:01 UTC 2023
PM2 restart complete at Sat Jun 17 03:00:01 UTC 2023
Stopping PM2
Stopping PM2
Starting PM2
Starting PM2
PM2 restart complete at Sat Jun 17 03:30:01 UTC 2023
PM2 restart complete at Sat Jun 17 03:30:01 UTC 2023
Stopping PM2
Stopping PM2
Starting PM2
Starting PM2
PM2 restart complete at Sat Jun 17 04:00:01 UTC 2023
PM2 restart complete at Sat Jun 17 04:00:01 UTC 2023
Stopping PM2
Stopping PM2
Starting PM2
Starting PM2
PM2 restart complete at Sat Jun 17 04:30:01 UTC 2023
PM2 restart complete at Sat Jun 17 04:30:01 UTC 2023
Stopping PM2
Stopping PM2
Starting PM2
Starting PM2
PM2 restart complete at Sat Jun 17 05:00:01 UTC 2023
PM2 restart complete at Sat Jun 17 05:00:01 UTC 2023
Stopping PM2
Stopping PM2
Starting PM2
Starting PM2
PM2 restart complete at Sat Jun 17 05:30:01 UTC 2023
PM2 restart complete at Sat Jun 17 05:30:01 UTC 2023
Stopping PM2
Stopping PM2
Starting PM2
Starting PM2
PM2 restart complete at Sat Jun 17 06:00:01 UTC 2023
PM2 restart complete at Sat Jun 17 06:00:01 UTC 2023
Stopping PM2
Stopping PM2
Starting PM2
Starting PM2
PM2 restart complete at Sat Jun 17 06:30:01 UTC 2023
PM2 restart complete at Sat Jun 17 06:30:01 UTC 2023
Stopping PM2
Stopping PM2
Starting PM2
Starting PM2
PM2 restart complete at Sat Jun 17 07:00:02 UTC 2023
PM2 restart complete at Sat Jun 17 07:00:02 UTC 2023
Stopping PM2
Stopping PM2
Starting PM2
Starting PM2
PM2 restart complete at Sat Jun 17 07:30:01 UTC 2023
PM2 restart complete at Sat Jun 17 07:30:01 UTC 2023
Stopping PM2
Stopping PM2
Starting PM2
Starting PM2
PM2 restart complete at Sat Jun 17 08:00:01 UTC 2023
PM2 restart complete at Sat Jun 17 08:00:01 UTC 2023
Stopping PM2
Stopping PM2
Starting PM2
Starting PM2
PM2 restart complete at Sat Jun 17 08:30:01 UTC 2023
PM2 restart complete at Sat Jun 17 08:30:01 UTC 2023
Stopping PM2
Stopping PM2
Starting PM2
Starting PM2
PM2 restart complete at Sat Jun 17 09:00:01 UTC 2023
PM2 restart complete at Sat Jun 17 09:00:01 UTC 2023
Stopping PM2
Stopping PM2
Starting PM2
Starting PM2
PM2 restart complete at Sat Jun 17 09:30:01 UTC 2023
PM2 restart complete at Sat Jun 17 09:30:01 UTC 2023
Stopping PM2
Stopping PM2
Starting PM2
Starting PM2
PM2 restart complete at Sat Jun 17 10:00:01 UTC 2023
PM2 restart complete at Sat Jun 17 10:00:01 UTC 2023
Stopping PM2
Stopping PM2
Starting PM2
Starting PM2
PM2 restart complete at Sat Jun 17 10:30:01 UTC 2023
PM2 restart complete at Sat Jun 17 10:30:01 UTC 2023
Stopping PM2
Stopping PM2
Starting PM2
Starting PM2
PM2 restart complete at Sat Jun 17 11:00:01 UTC 2023
PM2 restart complete at Sat Jun 17 11:00:01 UTC 2023
Stopping PM2
Stopping PM2
Starting PM2
Starting PM2
PM2 restart complete at Sat Jun 17 11:30:01 UTC 2023
PM2 restart complete at Sat Jun 17 11:30:01 UTC 2023
Stopping PM2
Stopping PM2
Starting PM2
Starting PM2
PM2 restart complete at Sat Jun 17 12:00:01 UTC 2023
PM2 restart complete at Sat Jun 17 12:00:01 UTC 2023
Stopping PM2
Stopping PM2
Starting PM2
Starting PM2
PM2 restart complete at Sat Jun 17 12:30:01 UTC 2023
PM2 restart complete at Sat Jun 17 12:30:01 UTC 2023
Stopping PM2
Stopping PM2
Starting PM2
Starting PM2
PM2 restart complete at Sat Jun 17 13:00:01 UTC 2023
PM2 restart complete at Sat Jun 17 13:00:01 UTC 2023
Stopping PM2
Stopping PM2
Starting PM2
Starting PM2
PM2 restart complete at Sat Jun 17 13:30:01 UTC 2023
PM2 restart complete at Sat Jun 17 13:30:01 UTC 2023
Stopping PM2
Stopping PM2
Starting PM2
Starting PM2
PM2 restart complete at Sat Jun 17 14:00:01 UTC 2023
PM2 restart complete at Sat Jun 17 14:00:01 UTC 2023
Stopping PM2
Stopping PM2
Starting PM2
Starting PM2
PM2 restart complete at Sat Jun 17 14:30:02 UTC 2023
PM2 restart complete at Sat Jun 17 14:30:02 UTC 2023
Stopping PM2
Stopping PM2
Starting PM2
Starting PM2
PM2 restart complete at Sat Jun 17 15:00:01 UTC 2023
PM2 restart complete at Sat Jun 17 15:00:01 UTC 2023
Stopping PM2
Stopping PM2
Starting PM2
Starting PM2
PM2 restart complete at Sat Jun 17 15:30:01 UTC 2023
PM2 restart complete at Sat Jun 17 15:30:01 UTC 2023
Stopping PM2
Stopping PM2
Starting PM2
Starting PM2
PM2 restart complete at Sat Jun 17 16:00:01 UTC 2023
PM2 restart complete at Sat Jun 17 16:00:01 UTC 2023
Stopping PM2
Stopping PM2
Starting PM2
Starting PM2
PM2 restart complete at Sat Jun 17 16:30:01 UTC 2023
PM2 restart complete at Sat Jun 17 16:30:01 UTC 2023
Stopping PM2
Starting PM2
Stopping PM2
Starting PM2
PM2 restart complete at Sat Jun 17 17:00:01 UTC 2023
PM2 restart complete at Sat Jun 17 17:00:01 UTC 2023
Stopping PM2
Stopping PM2
Starting PM2
Starting PM2
PM2 restart complete at Sat Jun 17 17:30:01 UTC 2023
PM2 restart complete at Sat Jun 17 17:30:01 UTC 2023
Stopping PM2
Stopping PM2
Starting PM2
Starting PM2
PM2 restart complete at Sat Jun 17 18:00:01 UTC 2023
PM2 restart complete at Sat Jun 17 18:00:01 UTC 2023
Stopping PM2
Stopping PM2
Starting PM2
Starting PM2
PM2 restart complete at Sat Jun 17 18:30:01 UTC 2023
PM2 restart complete at Sat Jun 17 18:30:01 UTC 2023
Stopping PM2
Stopping PM2
Starting PM2
Starting PM2
PM2 restart complete at Sat Jun 17 19:00:01 UTC 2023
PM2 restart complete at Sat Jun 17 19:00:01 UTC 2023
Stopping PM2
Stopping PM2
Starting PM2
Starting PM2
PM2 restart complete at Sat Jun 17 19:30:01 UTC 2023
PM2 restart complete at Sat Jun 17 19:30:01 UTC 2023
Stopping PM2
Stopping PM2
Starting PM2
Starting PM2
PM2 restart complete at Sat Jun 17 20:00:01 UTC 2023
PM2 restart complete at Sat Jun 17 20:00:01 UTC 2023
Stopping PM2
Stopping PM2
Starting PM2
Starting PM2
PM2 restart complete at Sat Jun 17 20:30:01 UTC 2023
PM2 restart complete at Sat Jun 17 20:30:01 UTC 2023
Stopping PM2
Stopping PM2
Starting PM2
Starting PM2
PM2 restart complete at Sat Jun 17 21:00:01 UTC 2023
PM2 restart complete at Sat Jun 17 21:00:01 UTC 2023
Stopping PM2
Stopping PM2
Starting PM2
Starting PM2
PM2 restart complete at Sat Jun 17 21:30:01 UTC 2023
PM2 restart complete at Sat Jun 17 21:30:01 UTC 2023
Stopping PM2
Stopping PM2
Starting PM2
Starting PM2
PM2 restart complete at Sat Jun 17 22:00:01 UTC 2023
PM2 restart complete at Sat Jun 17 22:00:01 UTC 2023
Stopping PM2
Stopping PM2
Starting PM2
Starting PM2
PM2 restart complete at Sat Jun 17 22:30:01 UTC 2023
PM2 restart complete at Sat Jun 17 22:30:01 UTC 2023
Stopping PM2
Starting PM2
PM2 restart complete at Sat Jun 17 23:00:01 UTC 2023
Stopping PM2
Starting PM2
PM2 restart complete at Sun Jun 18 00:00:02 UTC 2023
Stopping PM2
Starting PM2
PM2 restart complete at Sun Jun 18 00:30:01 UTC 2023
Stopping PM2
Starting PM2
PM2 restart complete at Sun Jun 18 01:00:01 UTC 2023
Stopping PM2
Starting PM2
PM2 restart complete at Sun Jun 18 01:30:01 UTC 2023
